00:00:01.034078 VirtualBox GUI VM Selector Window 7.0.10 r158379 win.amd64 (Jul 12 2023 18:34:34) release log
00:00:01.034080 Log opened 2023-07-31T07:25:54.667461500Z
00:00:01.034081 Build Type: release
00:00:01.034083 OS Product: Windows 11
00:00:01.034084 OS Release: 10.0.22621
00:00:01.034085 OS Service Pack: 
00:00:01.045378 DMI Product Name: HP ProBook 450 15.6 inch G10 Notebook PC
00:00:01.050475 DMI Product Version:  
00:00:01.050505 Firmware type: UEFI
00:00:01.050938 Secure Boot: Enabled
00:00:01.050950 Host RAM: 16016MB (15.6GB) total, 6369MB (6.2GB) available
00:00:01.050957 Executable: C:\Program Files\Oracle\VirtualBox\VirtualBox.exe
00:00:01.050958 Process ID: 30068
00:00:01.050958 Package type: WINDOWS_64BITS_GENERIC
00:00:01.051129 Qt version: 5.15.2
00:00:01.051621 GUI: UIMediumEnumerator: Initial medium-enumeration finished!
00:00:01.075128 GUI: UIMediumEnumerator: Medium-enumeration started...
00:00:01.075302 GUI: UIMediumEnumerator: Medium-enumeration finished!
00:21:31.129607 GUI: UICommon: Handling aboutToQuit request..
00:21:32.000877 GUI: UICommon: aboutToQuit request handled!
