00:00:00.002916 main     VirtualBox COM Server 7.0.10 r158379 win.amd64 (Jul 12 2023 18:34:34) release log
00:00:00.002918 main     Log opened 2023-07-31T07:25:54.335611000Z
00:00:00.002918 main     Build Type: release
00:00:00.002927 main     OS Product: Windows 11
00:00:00.002928 main     OS Release: 10.0.22621
00:00:00.002928 main     OS Service Pack: 
00:00:00.031979 main     DMI Product Name: HP ProBook 450 15.6 inch G10 Notebook PC
00:00:00.043428 main     DMI Product Version:  
00:00:00.043446 main     Firmware type: UEFI
00:00:00.044008 main     Secure Boot: Enabled
00:00:00.044049 main     Host RAM: 16016MB (15.6GB) total, 6390MB (6.2GB) available
00:00:00.044066 main     Executable: C:\Program Files\Oracle\VirtualBox\VBoxSVC.exe
00:00:00.044066 main     Process ID: 18240
00:00:00.044067 main     Package type: WINDOWS_64BITS_GENERIC
00:00:00.208439          VirtualBox: object creation starts
00:00:00.208646          Home directory: 'C:\Users\robot\.VirtualBox'
00:00:00.208789          Installed Drivers:
00:00:00.217988            C:\windows\system32\DRIVERS\VBoxSup.sys (Version: 7.0.10.8379)
00:00:00.218245            C:\windows\system32\DRIVERS\VBoxUSBMon.sys (Version: 7.0.10.8379)
00:00:00.218464            C:\windows\system32\DRIVERS\VBoxNetAdp6.sys (Version: 7.0.10.8379)
00:00:00.218670            C:\windows\system32\DRIVERS\VBoxNetLwf.sys (Version: 7.0.10.8379)
00:00:00.223268          usbLibGetDevices: Starting USB device enumeration
00:00:00.260835          Getting USB descriptor (id 0) failed (dwErr=31) on hub USB#ROOT_HUB30#4&300934ad&0&0#{f18a0e88-c30c-11d0-8815-00a0c906bed8} port 1
00:00:00.260952          Getting USB descriptor (id 0) failed (dwErr=31) on hub USB#ROOT_HUB30#4&300934ad&0&0#{f18a0e88-c30c-11d0-8815-00a0c906bed8} port 10
00:00:00.262836          usbLibGetDevices: Found 2 USB devices, 0 captured
00:00:00.262891          USB: Unknown USB device detected (idVendor: 0x30c9, idProduct: 0x0096)
00:00:00.262949          USB: Unknown USB device detected (idVendor: 0x8087, idProduct: 0x0033)
00:00:00.287968          HostDnsMonitor: initializing
00:00:00.299126          HostDnsMonitor: updating information
00:00:00.299157          HostDnsMonitor: old information
00:00:00.299157            no server entries
00:00:00.299158            no domain set
00:00:00.299158            no search string entries
00:00:00.299158          HostDnsMonitor: new information
00:00:00.299159            server 1: 172.29.98.20
00:00:00.299159            server 2: 172.29.98.21
00:00:00.299159            domain: w.africa.local.cmu.edu
00:00:00.299160            no search string entries
00:00:00.300570          VD: VDInit finished with VINF_SUCCESS
00:00:00.301591          VirtualBox: object created
00:00:00.350250          Saving settings file "C:\Users\robot\.VirtualBox\VirtualBox.xml" with version "1.12-windows"
00:00:00.353712          Finished saving settings file "C:\Users\robot\.VirtualBox\VirtualBox.xml"
00:00:00.353964          Saving settings file "C:\Users\robot\.VirtualBox\VirtualBox.xml" with version "1.12-windows"
00:00:00.357857          Finished saving settings file "C:\Users\robot\.VirtualBox\VirtualBox.xml"
00:00:00.358197          Saving settings file "C:\Users\robot\.VirtualBox\VirtualBox.xml" with version "1.12-windows"
00:00:00.371089          Finished saving settings file "C:\Users\robot\.VirtualBox\VirtualBox.xml"
00:00:00.639631          Saving settings file "C:\Users\robot\.VirtualBox\VirtualBox.xml" with version "1.12-windows"
00:00:00.643655          Finished saving settings file "C:\Users\robot\.VirtualBox\VirtualBox.xml"
00:00:01.315306          Saving settings file "C:\Users\robot\.VirtualBox\VirtualBox.xml" with version "1.12-windows"
00:00:01.319213          Finished saving settings file "C:\Users\robot\.VirtualBox\VirtualBox.xml"
00:00:01.693489          Saving settings file "C:\Users\robot\.VirtualBox\VirtualBox.xml" with version "1.12-windows"
00:00:01.697789          Finished saving settings file "C:\Users\robot\.VirtualBox\VirtualBox.xml"
00:01:18.279239          Saving settings file "C:\Users\robot\.VirtualBox\VirtualBox.xml" with version "1.12-windows"
00:01:18.286087          Finished saving settings file "C:\Users\robot\.VirtualBox\VirtualBox.xml"
00:12:39.883054 dns-monitor HostDnsMonitor: updating information
00:12:39.883100 dns-monitor HostDnsMonitor: unchanged
00:21:36.294657 main     VirtualBox: object deletion starts
00:21:36.296132 main     HostDnsMonitor: shutting down ...
00:21:36.296305 main     HostDnsMonitor: shut down
00:21:36.300697 Watcher  ERROR [COM]: aRC=E_ACCESSDENIED (0x80070005) aIID={7682d5eb-f00e-44f1-8ca2-99d08b1cd607} aComponent={VirtualBoxWrap} aText={The object is not ready}, preserve=false aResultDetail=0
00:21:36.301055 main     VirtualBox: object deleted
